<?xml version="1.0" encoding="UTF-8"?>
<!-- Generated by org.testng.reporters.JUnitXMLReporter -->
<testsuite ignored="0" hostname="DESKTOP-TUKDI5Q" failures="1" tests="20" name="Regression-Testing" time="269.19" errors="0" timestamp="2024-09-03T22:38:51 LINT">
  <testcase classname="pageTest.ProductPageTest" name="gotocartWithFirstProduct" time="20.455"/>
  <testcase classname="pageTest.ProductPageTest" name="varifyCartLogo" time="0.466"/>
  <testcase classname="pageTest.ProductPageTest" name="verifyaddtocartProduct" time="1.483"/>
  <testcase classname="pageTest.LoginPageTest" name="verifyLog" time="1.856"/>
  <testcase classname="pageTest.LoginPageTest" name="verifyLoginButton" time="0.057"/>
  <testcase classname="pageTest.LoginPageTest" name="verifyTitle" time="1.31">
    <failure type="java.lang.AssertionError" message="expected [Swa Labs] but found [Swag Labs]">
      <![CDATA[java.lang.AssertionError: expected [Swa Labs] but found [Swag Labs]
at pageTest.LoginPageTest.verifyTitle(LoginPageTest.java:59)
at java.base/java.util.ArrayList.forEach(ArrayList.java:1511)
... Removed 33 stack frames]]>
    </failure>
  </testcase> <!-- verifyTitle -->
  <testcase classname="pageTest.LoginPageTest" name="LoginTest" time="0.001">
    <skipped/>
  </testcase> <!-- LoginTest -->
  <testcase classname="pageTest.LoginPageTest" name="LoginTest1" time="3.397"/>
  <testcase classname="pageTest.LoginPageTest" name="LoginTest1" time="5.216"/>
  <testcase classname="pageTest.LoginPageTest" name="LoginTest1" time="3.414"/>
  <testcase classname="pageTest.LoginPageTest" name="LoginTest1" time="7.049"/>
  <testcase classname="pageTest.LoginPageTest" name="LoginTest1" time="3.395"/>
  <testcase classname="pageTest.CheckOutOverviewPageTest" name="clickfinishbutton" time="4.632"/>
  <testcase classname="pageTest.CheckOutOverviewPageTest" name="verifypaymentinfo" time="4.087"/>
  <testcase classname="pageTest.CheckOutOverviewPageTest" name="verifyshippinginfo" time="4.364"/>
  <testcase classname="pageTest.CartPageTest" name="proceedtocheckout" time="3.904"/>
  <testcase classname="pageTest.CartPageTest" name="verifycontinueshoppingbutton" time="3.693"/>
  <testcase classname="pageTest.CartPageTest" name="verifyremovebutton" time="3.67"/>
  <testcase classname="pageTest.ConfirmationPageTest" name="confirmPage" time="29.761"/>
  <testcase classname="pageTest.CheckOutPageTest" name="verifyInformation" time="4.189"/>
</testsuite> <!-- Regression-Testing -->
